<?xml version="1.0" encoding="UTF-8"?>
<!-- Generated by org.testng.reporters.JUnitXMLReporter -->
<testsuite hostname="IL013298" ignored="0" name="Page Object Model Project(failed)" tests="1" failures="1" timestamp="03 Dec 2018 12:39:13 GMT" time="0.073" errors="0">
  <testcase name="SearchControl" time="0.044" classname="tests.EBPCatalog">
    <failure type="java.lang.RuntimeException" message="java.lang.reflect.InvocationTargetException">
      <![CDATA[java.lang.RuntimeException: java.lang.reflect.InvocationTargetException
at org.openqa.selenium.support.PageFactory.instantiatePage(PageFactory.java:140)
at org.openqa.selenium.support.PageFactory.initElements(PageFactory.java:66)
at tests.EBPCatalog.SearchControl(EBPCatalog.java:19)
at org.openqa.selenium.support.PageFactory.instantiatePage(PageFactory.java:131)
... 27 more
Caused by: java.lang.NullPointerException
at pages.EBProductCatalog.<init>(EBProductCatalog.java:21)
... 32 more
... Removed 30 stack frames]]>
    </failure>
  </testcase> <!-- SearchControl -->
</testsuite> <!-- Page Object Model Project(failed) -->
