<?xml version="1.0" encoding="UTF-8"?>
<testng-results skipped="0" failed="1" ignored="4" total="9" passed="4">
  <reporter-output>
  </reporter-output>
  <suite name="Everjobs Suite" duration-ms="45531" started-at="2019-03-14T09:46:04Z" finished-at="2019-03-14T09:46:50Z">
    <groups>
    </groups>
    <test name="Page Object Model Project" duration-ms="45531" started-at="2019-03-14T09:46:04Z" finished-at="2019-03-14T09:46:50Z">
      <class name="tests.TestBase">
        <test-method status="PASS" signature="initialize()[pri:0, instance:tests.TestBase@954b04f]" name="initialize" is-config="true" duration-ms="13131" started-at="2019-03-14T09:45:51Z" finished-at="2019-03-14T09:46:04Z">
          <reporter-output>
          </reporter-output>
        </test-method> <!-- initialize -->
        <test-method status="PASS" signature="TeardownTest()[pri:0, instance:tests.TestBase@954b04f]" name="TeardownTest" is-config="true" duration-ms="1404" started-at="2019-03-14T09:46:50Z" finished-at="2019-03-14T09:46:52Z">
          <reporter-output>
          </reporter-output>
        </test-method> <!-- TeardownTest -->
      </class> <!-- tests.TestBase -->
      <class name="tests.EBPCatalog">
        <test-method status="PASS" signature="FilterControl()[pri:0, instance:tests.EBPCatalog@710726a3]" name="FilterControl" duration-ms="35203" started-at="2019-03-14T09:46:06Z" finished-at="2019-03-14T09:46:41Z">
          <reporter-output>
          </reporter-output>
        </test-method> <!-- FilterControl -->
        <test-method status="PASS" signature="SortControl()[pri:1, instance:tests.EBPCatalog@710726a3]" name="SortControl" duration-ms="1606" started-at="2019-03-14T09:46:41Z" finished-at="2019-03-14T09:46:43Z">
          <reporter-output>
          </reporter-output>
        </test-method> <!-- SortControl -->
        <test-method status="PASS" signature="SearchControl()[pri:2, instance:tests.EBPCatalog@710726a3]" name="SearchControl" duration-ms="6065" started-at="2019-03-14T09:46:43Z" finished-at="2019-03-14T09:46:49Z">
          <reporter-output>
          </reporter-output>
        </test-method> <!-- SearchControl -->
        <test-method status="FAIL" signature="PagginationControl()[pri:3, instance:tests.EBPCatalog@710726a3]" name="PagginationControl" duration-ms="1240" started-at="2019-03-14T09:46:49Z" finished-at="2019-03-14T09:46:50Z">
          <exception class="org.openqa.selenium.StaleElementReferenceException">
            <message>
              <![CDATA[stale element reference: element is not attached to the page document
  (Session info: chrome=72.0.3626.121)
  (Driver info: chromedriver=2.38.552522 (437e6fbedfa8762dec75e2c5b3ddb86763dc9dcb),platform=Windows NT 6.1.7601 SP1 x86_64) (WARNING: The server did not provide any stacktrace information)
Command duration or timeout: 94 milliseconds
For documentation on this error, please visit: http://seleniumhq.org/exceptions/stale_element_reference.html
Build info: version: '2.32.0', revision: '6c40c18', time: '2013-04-09 17:23:22'
System info: os.name: 'Windows 7', os.arch: 'amd64', os.version: '6.1', java.version: '1.8.0_161'
Driver info: org.openqa.selenium.chrome.ChromeDriver
Capabilities [{applicationCacheEnabled=false, rotatable=false, mobileEmulationEnabled=false, networkConnectionEnabled=false, chrome={chromedriverVersion=2.38.552522 (437e6fbedfa8762dec75e2c5b3ddb86763dc9dcb), userDataDir=C:\Users\SHAILE~1.RAN\AppData\Local\Temp\scoped_dir7012_23525}, takesHeapSnapshot=true, pageLoadStrategy=normal, databaseEnabled=false, handlesAlerts=true, hasTouchScreen=false, version=72.0.3626.121, platform=XP, browserConnectionEnabled=false, nativeEvents=true, acceptSslCerts=false, acceptInsecureCerts=false, locationContextEnabled=true, webStorageEnabled=true, browserName=chrome, takesScreenshot=true, javascriptEnabled=true, cssSelectorsEnabled=true, setWindowRect=true, unexpectedAlertBehaviour=}]
Session ID: 309a54ab2932439ca0cfe90d6f3a8e77]]>
            </message>
            <full-stacktrace>
              <![CDATA[org.openqa.selenium.StaleElementReferenceException: stale element reference: element is not attached to the page document
  (Session info: chrome=72.0.3626.121)
  (Driver info: chromedriver=2.38.552522 (437e6fbedfa8762dec75e2c5b3ddb86763dc9dcb),platform=Windows NT 6.1.7601 SP1 x86_64) (WARNING: The server did not provide any stacktrace information)
Command duration or timeout: 94 milliseconds
For documentation on this error, please visit: http://seleniumhq.org/exceptions/stale_element_reference.html
Build info: version: '2.32.0', revision: '6c40c18', time: '2013-04-09 17:23:22'
System info: os.name: 'Windows 7', os.arch: 'amd64', os.version: '6.1', java.version: '1.8.0_161'
Driver info: org.openqa.selenium.chrome.ChromeDriver
Capabilities [{applicationCacheEnabled=false, rotatable=false, mobileEmulationEnabled=false, networkConnectionEnabled=false, chrome={chromedriverVersion=2.38.552522 (437e6fbedfa8762dec75e2c5b3ddb86763dc9dcb), userDataDir=C:\Users\SHAILE~1.RAN\AppData\Local\Temp\scoped_dir7012_23525}, takesHeapSnapshot=true, pageLoadStrategy=normal, databaseEnabled=false, handlesAlerts=true, hasTouchScreen=false, version=72.0.3626.121, platform=XP, browserConnectionEnabled=false, nativeEvents=true, acceptSslCerts=false, acceptInsecureCerts=false, locationContextEnabled=true, webStorageEnabled=true, browserName=chrome, takesScreenshot=true, javascriptEnabled=true, cssSelectorsEnabled=true, setWindowRect=true, unexpectedAlertBehaviour=}]
Session ID: 309a54ab2932439ca0cfe90d6f3a8e77
at sun.reflect.NativeConstructorAccessorImpl.newInstance0(Native Method)
at sun.reflect.NativeConstructorAccessorImpl.newInstance(Unknown Source)
at sun.reflect.DelegatingConstructorAccessorImpl.newInstance(Unknown Source)
at java.lang.reflect.Constructor.newInstance(Unknown Source)
at org.openqa.selenium.remote.ErrorHandler.createThrowable(ErrorHandler.java:187)
at org.openqa.selenium.remote.ErrorHandler.throwIfResponseFailed(ErrorHandler.java:145)
at org.openqa.selenium.remote.RemoteWebDriver.execute(RemoteWebDriver.java:554)
at org.openqa.selenium.remote.RemoteWebElement.execute(RemoteWebElement.java:268)
at org.openqa.selenium.remote.RemoteWebElement.getText(RemoteWebElement.java:152)
at sun.reflect.NativeMethodAccessorImpl.invoke0(Native Method)
at sun.reflect.NativeMethodAccessorImpl.invoke(Unknown Source)
at sun.reflect.DelegatingMethodAccessorImpl.invoke(Unknown Source)
at java.lang.reflect.Method.invoke(Unknown Source)
at org.openqa.selenium.support.pagefactory.internal.LocatingElementHandler.invoke(LocatingElementHandler.java:41)
at com.sun.proxy.$Proxy7.getText(Unknown Source)
at pages.EBProductCatalog.getsFirstProductName(EBProductCatalog.java:106)
at tests.EBPCatalog.PagginationControl(EBPCatalog.java:62)
at sun.reflect.NativeMethodAccessorImpl.invoke0(Native Method)
at sun.reflect.NativeMethodAccessorImpl.invoke(Unknown Source)
at sun.reflect.DelegatingMethodAccessorImpl.invoke(Unknown Source)
at java.lang.reflect.Method.invoke(Unknown Source)
at org.testng.internal.MethodInvocationHelper.invokeMethod(MethodInvocationHelper.java:124)
at org.testng.internal.Invoker.invokeMethod(Invoker.java:580)
at org.testng.internal.Invoker.invokeTestMethod(Invoker.java:716)
at org.testng.internal.Invoker.invokeTestMethods(Invoker.java:988)
at org.testng.internal.TestMethodWorker.invokeTestMethods(TestMethodWorker.java:125)
at org.testng.internal.TestMethodWorker.run(TestMethodWorker.java:109)
at org.testng.TestRunner.privateRun(TestRunner.java:648)
at org.testng.TestRunner.run(TestRunner.java:505)
at org.testng.SuiteRunner.runTest(SuiteRunner.java:455)
at org.testng.SuiteRunner.runSequentially(SuiteRunner.java:450)
at org.testng.SuiteRunner.privateRun(SuiteRunner.java:415)
at org.testng.SuiteRunner.run(SuiteRunner.java:364)
at org.testng.SuiteRunnerWorker.runSuite(SuiteRunnerWorker.java:52)
at org.testng.SuiteRunnerWorker.run(SuiteRunnerWorker.java:84)
at org.testng.TestNG.runSuitesSequentially(TestNG.java:1208)
at org.testng.TestNG.runSuitesLocally(TestNG.java:1137)
at org.testng.TestNG.runSuites(TestNG.java:1049)
at org.testng.TestNG.run(TestNG.java:1017)
at org.testng.remote.AbstractRemoteTestNG.run(AbstractRemoteTestNG.java:114)
at org.testng.remote.RemoteTestNG.initAndRun(RemoteTestNG.java:251)
at org.testng.remote.RemoteTestNG.main(RemoteTestNG.java:77)
]]>
            </full-stacktrace>
          </exception> <!-- org.openqa.selenium.StaleElementReferenceException -->
          <reporter-output>
          </reporter-output>
        </test-method> <!-- PagginationControl -->
      </class> <!-- tests.EBPCatalog -->
      <class name="tests.EBLoginTest">
        <test-method status="PASS" signature="init()[pri:0, instance:tests.EBLoginTest@149494d8]" name="init" duration-ms="1256" started-at="2019-03-14T09:46:05Z" finished-at="2019-03-14T09:46:06Z">
          <reporter-output>
          </reporter-output>
        </test-method> <!-- init -->
      </class> <!-- tests.EBLoginTest -->
    </test> <!-- Page Object Model Project -->
  </suite> <!-- Everjobs Suite -->
</testng-results>
